c:\users\zyada\source\repos\free think\free think\x64\debug\signingui.obj
c:\users\zyada\source\repos\free think\free think\x64\debug\main.obj
c:\users\zyada\source\repos\free think\free think\x64\debug\moc_signingui.obj
c:\users\zyada\source\repos\free think\free think\x64\debug\qrc_signingui.obj
c:\users\zyada\source\repos\free think\free think\x64\debug\vc143.pdb
c:\users\zyada\source\repos\free think\free think\x64\debug\choosenpricegui.obj
c:\users\zyada\source\repos\free think\free think\x64\debug\reviewgui.obj
c:\users\zyada\source\repos\free think\free think\x64\debug\moc_reviewgui.obj
c:\users\zyada\source\repos\free think\free think\x64\debug\moc_choosenpricegui.obj
c:\users\zyada\source\repos\free think\free think\x64\debug\uic\ui_signingui.h
c:\users\zyada\source\repos\free think\free think\x64\debug\rcc\qrc_signingui.cpp
c:\users\zyada\source\repos\free think\free think\x64\debug\moc\moc_signingui.cpp
c:\users\zyada\source\repos\free think\free think\x64\debug\uic\ui_reviewgui.h
c:\users\zyada\source\repos\free think\free think\x64\debug\moc\moc_reviewgui.cpp
c:\users\zyada\source\repos\free think\free think\x64\debug\uic\ui_choosenpricegui.h
c:\users\zyada\source\repos\free think\free think\x64\debug\moc\moc_choosenpricegui.cpp
c:\users\zyada\source\repos\free think\x64\debug\free think.exe
c:\users\zyada\source\repos\free think\x64\debug\free think.ilk
c:\users\zyada\source\repos\free think\x64\debug\free think.pdb
c:\users\zyada\source\repos\free think\free think\x64\debug\free think.tlog\cl.command.1.tlog
c:\users\zyada\source\repos\free think\free think\x64\debug\free think.tlog\cl.read.1.tlog
c:\users\zyada\source\repos\free think\free think\x64\debug\free think.tlog\cl.write.1.tlog
c:\users\zyada\source\repos\free think\free think\x64\debug\free think.tlog\free think.write.1u.tlog
c:\users\zyada\source\repos\free think\free think\x64\debug\free think.tlog\link.command.1.tlog
c:\users\zyada\source\repos\free think\free think\x64\debug\free think.tlog\link.read.1.tlog
c:\users\zyada\source\repos\free think\free think\x64\debug\free think.tlog\link.write.1.tlog
c:\users\zyada\source\repos\free think\free think\x64\debug\free think.tlog\moc.read.1u.tlog
c:\users\zyada\source\repos\free think\free think\x64\debug\free think.tlog\moc.write.1u.tlog
c:\users\zyada\source\repos\free think\free think\x64\debug\free think.tlog\rcc.read.1u.tlog
c:\users\zyada\source\repos\free think\free think\x64\debug\free think.tlog\rcc.write.1u.tlog
c:\users\zyada\source\repos\free think\free think\x64\debug\free think.tlog\uic.read.1u.tlog
c:\users\zyada\source\repos\free think\free think\x64\debug\free think.tlog\uic.write.1u.tlog
